2024-06-11 18:48:59,174.consumer_v3.0.INFO ==================================================
2024-06-11 18:48:59,174.consumer_v3.0.INFO Today is 2024-06-11 at 06:48 PM
2024-06-11 18:48:59,174.consumer_v3.0.INFO Running on: nt Windows 11
2024-06-11 18:48:59,174.consumer_v3.0.INFO Python version:  3.12.2
2024-06-11 18:48:59,174.consumer_v3.0.INFO Python path: C:\Users\derek\OneDrive\Documents\Streaming Data\Week 7\streaming-07-auction-tracker\.venv
2024-06-11 18:48:59,175.consumer_v3.0.INFO Working dir: C:\Users\derek\OneDrive\Documents\Streaming Data\Week 7\streaming-07-auction-tracker
2024-06-11 18:48:59,175.consumer_v3.0.INFO ==================================================
2024-06-11 18:48:59,190.consumer_v3.0.INFO Starting consumer. Waiting for messages...
2024-06-11 18:48:59,190.consumer_v3.0.INFO Received furniture message: 209.41 at 2024-06-12T01:48:45.643811+00:00
2024-06-11 18:48:59,190.consumer_v3.0.INFO Rolling window for furniture updated. Size: 1, Latest bid: 209.41 at 2024-06-12T01:48:45.643811+00:00
2024-06-11 18:48:59,190.consumer_v3.0.INFO Received furniture message: 295.43 at 2024-06-12T01:48:55.648031+00:00
2024-06-11 18:48:59,191.consumer_v3.0.INFO Rolling window for furniture updated. Size: 2, Latest bid: 295.43 at 2024-06-12T01:48:55.648031+00:00
2024-06-11 18:48:59,191.consumer_v3.0.INFO Received art message: 138.13 at 2024-06-12T01:48:40.641908+00:00
2024-06-11 18:48:59,191.consumer_v3.0.INFO Rolling window for art updated. Size: 1, Latest bid: 138.13 at 2024-06-12T01:48:40.641908+00:00
2024-06-11 18:48:59,191.consumer_v3.0.INFO Received art message: 926.79 at 2024-06-12T01:48:50.646191+00:00
2024-06-11 18:48:59,191.consumer_v3.0.INFO Rolling window for art updated. Size: 2, Latest bid: 926.79 at 2024-06-12T01:48:50.646191+00:00
2024-06-11 18:49:00,650.consumer_v3.0.INFO Received electronics message: 513.99 at 2024-06-12T01:49:00.650071+00:00
2024-06-11 18:49:00,651.consumer_v3.0.INFO Rolling window for electronics updated. Size: 1, Latest bid: 513.99 at 2024-06-12T01:49:00.650071+00:00
2024-06-11 18:49:05,653.consumer_v3.0.INFO Received electronics message: 346.06 at 2024-06-12T01:49:05.651685+00:00
2024-06-11 18:49:05,653.consumer_v3.0.INFO Rolling window for electronics updated. Size: 2, Latest bid: 346.06 at 2024-06-12T01:49:05.651685+00:00
2024-06-11 18:49:10,656.consumer_v3.0.INFO Received art message: 293.65 at 2024-06-12T01:49:10.654192+00:00
2024-06-11 18:49:10,656.consumer_v3.0.INFO Rolling window for art updated. Size: 3, Latest bid: 293.65 at 2024-06-12T01:49:10.654192+00:00
2024-06-11 18:49:15,658.consumer_v3.0.INFO Received art message: 636.12 at 2024-06-12T01:49:15.656767+00:00
2024-06-11 18:49:15,658.consumer_v3.0.INFO Rolling window for art updated. Size: 4, Latest bid: 636.12 at 2024-06-12T01:49:15.656767+00:00
2024-06-11 18:49:20,661.consumer_v3.0.INFO Received art message: 564.69 at 2024-06-12T01:49:20.659765+00:00
2024-06-11 18:49:20,661.consumer_v3.0.INFO Rolling window for art updated. Size: 5, Latest bid: 564.69 at 2024-06-12T01:49:20.659765+00:00
2024-06-11 18:49:25,664.consumer_v3.0.INFO Received art message: 715.59 at 2024-06-12T01:49:25.661622+00:00
2024-06-11 18:49:25,664.consumer_v3.0.INFO Rolling window for art updated. Size: 5, Latest bid: 715.59 at 2024-06-12T01:49:25.661622+00:00
2024-06-11 18:49:30,665.consumer_v3.0.INFO Received furniture message: 17.29 at 2024-06-12T01:49:30.664701+00:00
2024-06-11 18:49:30,665.consumer_v3.0.INFO Rolling window for furniture updated. Size: 3, Latest bid: 17.29 at 2024-06-12T01:49:30.664701+00:00
2024-06-11 18:49:35,667.consumer_v3.0.INFO Received art message: 665.64 at 2024-06-12T01:49:35.666476+00:00
2024-06-11 18:49:35,667.consumer_v3.0.INFO Rolling window for art updated. Size: 5, Latest bid: 665.64 at 2024-06-12T01:49:35.666476+00:00
2024-06-11 18:49:40,671.consumer_v3.0.INFO Received electronics message: 825.2 at 2024-06-12T01:49:40.668774+00:00
2024-06-11 18:49:40,671.consumer_v3.0.INFO Rolling window for electronics updated. Size: 3, Latest bid: 825.2 at 2024-06-12T01:49:40.668774+00:00
2024-06-11 18:49:45,672.consumer_v3.0.INFO Received furniture message: 365.63 at 2024-06-12T01:49:45.671413+00:00
2024-06-11 18:49:45,672.consumer_v3.0.INFO Rolling window for furniture updated. Size: 4, Latest bid: 365.63 at 2024-06-12T01:49:45.671413+00:00
2024-06-11 18:49:50,674.consumer_v3.0.INFO Received electronics message: 619.68 at 2024-06-12T01:49:50.673465+00:00
2024-06-11 18:49:50,674.consumer_v3.0.INFO Rolling window for electronics updated. Size: 4, Latest bid: 619.68 at 2024-06-12T01:49:50.673465+00:00
2024-06-11 18:49:55,676.consumer_v3.0.INFO Received furniture message: 502.22 at 2024-06-12T01:49:55.675673+00:00
2024-06-11 18:49:55,677.consumer_v3.0.INFO Rolling window for furniture updated. Size: 5, Latest bid: 502.22 at 2024-06-12T01:49:55.675673+00:00
2024-06-11 18:50:00,680.consumer_v3.0.INFO Received art message: 33.92 at 2024-06-12T01:50:00.677807+00:00
2024-06-11 18:50:00,680.consumer_v3.0.INFO Rolling window for art updated. Size: 5, Latest bid: 33.92 at 2024-06-12T01:50:00.677807+00:00
2024-06-11 18:50:05,683.consumer_v3.0.INFO Received furniture message: 96.7 at 2024-06-12T01:50:05.681551+00:00
2024-06-11 18:50:05,683.consumer_v3.0.INFO Rolling window for furniture updated. Size: 5, Latest bid: 96.7 at 2024-06-12T01:50:05.681551+00:00
2024-06-11 18:50:10,685.consumer_v3.0.INFO Received furniture message: 458.53 at 2024-06-12T01:50:10.683497+00:00
2024-06-11 18:50:10,685.consumer_v3.0.INFO Rolling window for furniture updated. Size: 5, Latest bid: 458.53 at 2024-06-12T01:50:10.683497+00:00
2024-06-11 18:50:15,686.consumer_v3.0.INFO Received art message: 741.65 at 2024-06-12T01:50:15.685446+00:00
2024-06-11 18:50:15,686.consumer_v3.0.INFO Rolling window for art updated. Size: 5, Latest bid: 741.65 at 2024-06-12T01:50:15.685446+00:00
2024-06-11 18:50:20,688.consumer_v3.0.INFO Received art message: 253.04 at 2024-06-12T01:50:20.686950+00:00
2024-06-11 18:50:20,688.consumer_v3.0.INFO Rolling window for art updated. Size: 5, Latest bid: 253.04 at 2024-06-12T01:50:20.686950+00:00
2024-06-11 18:50:25,692.consumer_v3.0.INFO Received art message: 543.73 at 2024-06-12T01:50:25.689149+00:00
2024-06-11 18:50:25,692.consumer_v3.0.INFO Rolling window for art updated. Size: 5, Latest bid: 543.73 at 2024-06-12T01:50:25.689149+00:00
2024-06-11 18:50:30,694.consumer_v3.0.INFO Received furniture message: 236.37 at 2024-06-12T01:50:30.693156+00:00
2024-06-11 18:50:30,694.consumer_v3.0.INFO Rolling window for furniture updated. Size: 5, Latest bid: 236.37 at 2024-06-12T01:50:30.693156+00:00
2024-06-11 18:50:35,696.consumer_v3.0.INFO Received art message: 522.05 at 2024-06-12T01:50:35.695260+00:00
2024-06-11 18:50:35,696.consumer_v3.0.INFO Rolling window for art updated. Size: 5, Latest bid: 522.05 at 2024-06-12T01:50:35.695260+00:00
2024-06-11 18:50:40,699.consumer_v3.0.INFO Received furniture message: 810.44 at 2024-06-12T01:50:40.697131+00:00
2024-06-11 18:50:40,699.consumer_v3.0.INFO Rolling window for furniture updated. Size: 5, Latest bid: 810.44 at 2024-06-12T01:50:40.697131+00:00
2024-06-11 18:50:45,700.consumer_v3.0.INFO Received furniture message: 761.48 at 2024-06-12T01:50:45.699906+00:00
2024-06-11 18:50:45,700.consumer_v3.0.INFO Rolling window for furniture updated. Size: 5, Latest bid: 761.48 at 2024-06-12T01:50:45.699906+00:00
2024-06-11 18:50:50,703.consumer_v3.0.INFO Received electronics message: 587.04 at 2024-06-12T01:50:50.701993+00:00
2024-06-11 18:50:50,703.consumer_v3.0.INFO Rolling window for electronics updated. Size: 5, Latest bid: 587.04 at 2024-06-12T01:50:50.701993+00:00
2024-06-11 18:50:55,705.consumer_v3.0.INFO Received furniture message: 244.22 at 2024-06-12T01:50:55.703617+00:00
2024-06-11 18:50:55,705.consumer_v3.0.INFO Rolling window for furniture updated. Size: 5, Latest bid: 244.22 at 2024-06-12T01:50:55.703617+00:00
2024-06-11 18:51:00,707.consumer_v3.0.INFO Received art message: 853.9 at 2024-06-12T01:51:00.705895+00:00
2024-06-11 18:51:00,707.consumer_v3.0.INFO Rolling window for art updated. Size: 5, Latest bid: 853.9 at 2024-06-12T01:51:00.705895+00:00
2024-06-11 18:51:05,709.consumer_v3.0.INFO Received furniture message: 706.92 at 2024-06-12T01:51:05.708020+00:00
2024-06-11 18:51:05,710.consumer_v3.0.INFO Rolling window for furniture updated. Size: 5, Latest bid: 706.92 at 2024-06-12T01:51:05.708020+00:00
2024-06-11 18:51:10,710.consumer_v3.0.INFO Received electronics message: 626.19 at 2024-06-12T01:51:10.709544+00:00
2024-06-11 18:51:10,710.consumer_v3.0.INFO Rolling window for electronics updated. Size: 5, Latest bid: 626.19 at 2024-06-12T01:51:10.709544+00:00
2024-06-11 18:51:15,712.consumer_v3.0.INFO Received electronics message: 847.24 at 2024-06-12T01:51:15.711220+00:00
2024-06-11 18:51:15,712.consumer_v3.0.INFO Rolling window for electronics updated. Size: 5, Latest bid: 847.24 at 2024-06-12T01:51:15.711220+00:00
2024-06-11 18:51:20,715.consumer_v3.0.INFO Received furniture message: 83.13 at 2024-06-12T01:51:20.713159+00:00
2024-06-11 18:51:20,715.consumer_v3.0.INFO Rolling window for furniture updated. Size: 5, Latest bid: 83.13 at 2024-06-12T01:51:20.713159+00:00
2024-06-11 18:51:25,717.consumer_v3.0.INFO Received electronics message: 27.06 at 2024-06-12T01:51:25.715636+00:00
2024-06-11 18:51:25,717.consumer_v3.0.INFO Rolling window for electronics updated. Size: 5, Latest bid: 27.06 at 2024-06-12T01:51:25.715636+00:00
2024-06-11 18:51:30,720.consumer_v3.0.INFO Received furniture message: 13.3 at 2024-06-12T01:51:30.718139+00:00
2024-06-11 18:51:30,720.consumer_v3.0.INFO Rolling window for furniture updated. Size: 5, Latest bid: 13.3 at 2024-06-12T01:51:30.718139+00:00
2024-06-11 18:51:35,722.consumer_v3.0.INFO Received electronics message: 406.46 at 2024-06-12T01:51:35.720793+00:00
2024-06-11 18:51:35,722.consumer_v3.0.INFO Rolling window for electronics updated. Size: 5, Latest bid: 406.46 at 2024-06-12T01:51:35.720793+00:00
2024-06-11 18:51:40,724.consumer_v3.0.INFO Received art message: 710.34 at 2024-06-12T01:51:40.722621+00:00
2024-06-11 18:51:40,724.consumer_v3.0.INFO Rolling window for art updated. Size: 5, Latest bid: 710.34 at 2024-06-12T01:51:40.722621+00:00
2024-06-11 18:51:45,726.consumer_v3.0.INFO Received furniture message: 676.58 at 2024-06-12T01:51:45.724268+00:00
2024-06-11 18:51:45,726.consumer_v3.0.INFO Rolling window for furniture updated. Size: 5, Latest bid: 676.58 at 2024-06-12T01:51:45.724268+00:00
2024-06-11 18:51:50,728.consumer_v3.0.INFO Received furniture message: 966.05 at 2024-06-12T01:51:50.726965+00:00
2024-06-11 18:51:50,728.consumer_v3.0.INFO Rolling window for furniture updated. Size: 5, Latest bid: 966.05 at 2024-06-12T01:51:50.726965+00:00
2024-06-11 18:51:55,730.consumer_v3.0.INFO Received furniture message: 81.8 at 2024-06-12T01:51:55.729448+00:00
2024-06-11 18:51:55,731.consumer_v3.0.INFO Rolling window for furniture updated. Size: 5, Latest bid: 81.8 at 2024-06-12T01:51:55.729448+00:00
2024-06-11 18:52:00,733.consumer_v3.0.INFO Received electronics message: 599.87 at 2024-06-12T01:52:00.732127+00:00
2024-06-11 18:52:00,733.consumer_v3.0.INFO Rolling window for electronics updated. Size: 5, Latest bid: 599.87 at 2024-06-12T01:52:00.732127+00:00
2024-06-11 18:52:05,735.consumer_v3.0.INFO Received furniture message: 452.76 at 2024-06-12T01:52:05.733995+00:00
2024-06-11 18:52:05,735.consumer_v3.0.INFO Rolling window for furniture updated. Size: 5, Latest bid: 452.76 at 2024-06-12T01:52:05.733995+00:00
2024-06-11 18:52:10,737.consumer_v3.0.INFO Received electronics message: 711.25 at 2024-06-12T01:52:10.736008+00:00
2024-06-11 18:52:10,737.consumer_v3.0.INFO Rolling window for electronics updated. Size: 5, Latest bid: 711.25 at 2024-06-12T01:52:10.736008+00:00
2024-06-11 18:52:15,738.consumer_v3.0.INFO Received furniture message: 261.09 at 2024-06-12T01:52:15.737702+00:00
2024-06-11 18:52:15,738.consumer_v3.0.INFO Rolling window for furniture updated. Size: 5, Latest bid: 261.09 at 2024-06-12T01:52:15.737702+00:00
2024-06-11 18:52:20,740.consumer_v3.0.INFO Received art message: 90.81 at 2024-06-12T01:52:20.739733+00:00
2024-06-11 18:52:20,740.consumer_v3.0.INFO Rolling window for art updated. Size: 5, Latest bid: 90.81 at 2024-06-12T01:52:20.739733+00:00
2024-06-11 18:52:25,743.consumer_v3.0.INFO Received furniture message: 851.58 at 2024-06-12T01:52:25.741790+00:00
2024-06-11 18:52:25,743.consumer_v3.0.INFO Rolling window for furniture updated. Size: 5, Latest bid: 851.58 at 2024-06-12T01:52:25.741790+00:00
2024-06-11 18:52:30,746.consumer_v3.0.INFO Received electronics message: 564.3 at 2024-06-12T01:52:30.743993+00:00
2024-06-11 18:52:30,746.consumer_v3.0.INFO Rolling window for electronics updated. Size: 5, Latest bid: 564.3 at 2024-06-12T01:52:30.743993+00:00
2024-06-11 18:52:35,747.consumer_v3.0.INFO Received electronics message: 330.1 at 2024-06-12T01:52:35.746305+00:00
2024-06-11 18:52:35,747.consumer_v3.0.INFO Rolling window for electronics updated. Size: 5, Latest bid: 330.1 at 2024-06-12T01:52:35.746305+00:00
2024-06-11 18:52:40,749.consumer_v3.0.INFO Received art message: 878.61 at 2024-06-12T01:52:40.748368+00:00
2024-06-11 18:52:40,749.consumer_v3.0.INFO Rolling window for art updated. Size: 5, Latest bid: 878.61 at 2024-06-12T01:52:40.748368+00:00
2024-06-11 18:52:45,752.consumer_v3.0.INFO Received furniture message: 190.2 at 2024-06-12T01:52:45.751380+00:00
2024-06-11 18:52:45,753.consumer_v3.0.INFO Rolling window for furniture updated. Size: 5, Latest bid: 190.2 at 2024-06-12T01:52:45.751380+00:00
2024-06-11 18:52:50,755.consumer_v3.0.INFO Received furniture message: 369.59 at 2024-06-12T01:52:50.753808+00:00
2024-06-11 18:52:50,755.consumer_v3.0.INFO Rolling window for furniture updated. Size: 5, Latest bid: 369.59 at 2024-06-12T01:52:50.753808+00:00
2024-06-11 18:52:55,758.consumer_v3.0.INFO Received art message: 405.86 at 2024-06-12T01:52:55.756232+00:00
2024-06-11 18:52:55,758.consumer_v3.0.INFO Rolling window for art updated. Size: 5, Latest bid: 405.86 at 2024-06-12T01:52:55.756232+00:00
2024-06-11 18:53:00,760.consumer_v3.0.INFO Received art message: 509.69 at 2024-06-12T01:53:00.758717+00:00
2024-06-11 18:53:00,760.consumer_v3.0.INFO Rolling window for art updated. Size: 5, Latest bid: 509.69 at 2024-06-12T01:53:00.758717+00:00
2024-06-11 18:53:05,761.consumer_v3.0.INFO Received art message: 780.77 at 2024-06-12T01:53:05.760571+00:00
2024-06-11 18:53:05,761.consumer_v3.0.INFO Rolling window for art updated. Size: 5, Latest bid: 780.77 at 2024-06-12T01:53:05.760571+00:00
2024-06-11 18:53:10,763.consumer_v3.0.INFO Consumer interrupted. Closing connection.
