2024-06-11 20:56:04,244.producer_v3.0.INFO ==================================================
2024-06-11 20:56:04,244.producer_v3.0.INFO Today is 2024-06-11 at 08:56 PM
2024-06-11 20:56:04,245.producer_v3.0.INFO Running on: nt Windows 11
2024-06-11 20:56:04,245.producer_v3.0.INFO Python version:  3.12.2
2024-06-11 20:56:04,245.producer_v3.0.INFO Python path: C:\Users\derek\OneDrive\Documents\Streaming Data\Week 7\streaming-07-auction-tracker\.venv
2024-06-11 20:56:04,245.producer_v3.0.INFO Working dir: C:\Users\derek\OneDrive\Documents\Streaming Data\Week 7\streaming-07-auction-tracker
2024-06-11 20:56:04,246.producer_v3.0.INFO ==================================================
2024-06-11 20:56:06,272.producer_v3.0.INFO Opened RabbitMQ Admin site.
2024-06-11 20:56:06,410.producer_v3.0.INFO Producer started. Sending messages to RabbitMQ queues.
2024-06-11 20:56:06,412.producer_v3.0.INFO Sent message to auction_queue_electronics: Bid Amount: 222.59 at 2024-06-12T03:56:06.410536+00:00
2024-06-11 20:56:11,415.producer_v3.0.INFO Sent message to auction_queue_art: Bid Amount: 871.83 at 2024-06-12T03:56:11.414289+00:00
2024-06-11 20:56:16,417.producer_v3.0.INFO Sent message to auction_queue_furniture: Bid Amount: 641.97 at 2024-06-12T03:56:16.416498+00:00
2024-06-11 20:56:21,419.producer_v3.0.INFO Sent message to auction_queue_art: Bid Amount: 885.48 at 2024-06-12T03:56:21.418331+00:00
2024-06-11 20:56:26,423.producer_v3.0.INFO Sent message to auction_queue_art: Bid Amount: 920.66 at 2024-06-12T03:56:26.420378+00:00
2024-06-11 20:56:31,425.producer_v3.0.INFO Sent message to auction_queue_electronics: Bid Amount: 695.94 at 2024-06-12T03:56:31.425129+00:00
2024-06-11 20:56:36,428.producer_v3.0.INFO Sent message to auction_queue_furniture: Bid Amount: 339.6 at 2024-06-12T03:56:36.426776+00:00
2024-06-11 20:56:41,431.producer_v3.0.INFO Sent message to auction_queue_art: Bid Amount: 903.93 at 2024-06-12T03:56:41.430474+00:00
2024-06-11 20:56:46,433.producer_v3.0.INFO Sent message to auction_queue_furniture: Bid Amount: 937.63 at 2024-06-12T03:56:46.432659+00:00
2024-06-11 20:56:51,434.producer_v3.0.INFO Sent message to auction_queue_art: Bid Amount: 149.19 at 2024-06-12T03:56:51.434479+00:00
2024-06-11 20:56:56,437.producer_v3.0.INFO Sent message to auction_queue_art: Bid Amount: 98.06 at 2024-06-12T03:56:56.436999+00:00
2024-06-11 20:57:01,440.producer_v3.0.INFO Sent message to auction_queue_art: Bid Amount: 168.9 at 2024-06-12T03:57:01.439144+00:00
2024-06-11 20:57:06,442.producer_v3.0.INFO Sent message to auction_queue_art: Bid Amount: 931.43 at 2024-06-12T03:57:06.441262+00:00
2024-06-11 20:57:11,445.producer_v3.0.INFO Sent message to auction_queue_furniture: Bid Amount: 747.76 at 2024-06-12T03:57:11.443733+00:00
2024-06-11 20:57:16,447.producer_v3.0.INFO Sent message to auction_queue_electronics: Bid Amount: 650.07 at 2024-06-12T03:57:16.446812+00:00
2024-06-11 20:57:21,450.producer_v3.0.INFO Sent message to auction_queue_electronics: Bid Amount: 619.81 at 2024-06-12T03:57:21.448919+00:00
2024-06-11 20:57:25,083.producer_v3.0.INFO Producer interrupted. Exiting.
2024-06-11 20:57:25,084.producer_v3.0.INFO Closed RabbitMQ channel.
2024-06-11 20:57:25,085.producer_v3.0.INFO Closed RabbitMQ connection.
